


ARM Macro Assembler    Page 1 


    1 00000000                 AREA             myDATA, DATA, READWRITE ; 
    2 00000000 01 02 03 
              04 05 06 NUM     DCB              1,2,3,4,5,6 ;
    3 00000006 00      EVENSUM DCB              0           ;
    4 00000007 00      ODDSUM  DCB              0           ;
    5 00000008         
    6 00000008                 AREA             myCODE, CODE, READONLY ;
    7 00000000                 EXPORT           OddEvenSum  ;
    8 00000000         ENTRY                                ;
    9 00000000         OddEvenSum
   10 00000000 480B            LDR              R0, =NUM    ;
   11 00000002 F04F 0100       MOV              R1, #0      ;
   12 00000006 F04F 0200       MOV              R2, #0      ;
   13 0000000A F04F 0306       MOV              R3, #6      ;
   14 0000000E         
   15 0000000E         LOOP
   16 0000000E F810 4B01       LDRB             R4, [R0], #1 ;
   17 00000012 0865            LSRS             R5, R4, #1  ;
   18 00000014 D203            BCS              ODD         ;
   19 00000016         
   20 00000016 4421            ADD              R1, R1, R4  ;
   21 00000018 E002            B                DEC         ;
   22 0000001A         
   23 0000001A 4421            ADD              R1, R1, R4  ;
   24 0000001C E000            B                DEC         ;
   25 0000001E         
   26 0000001E         ODD
   27 0000001E 4422            ADD              R2, R2, R4  ;
   28 00000020         
   29 00000020         DEC
   30 00000020 1E5B            SUBS             R3, R3, #1  ;
   31 00000022 D1F4            BNE              LOOP        ;
   32 00000024         
   33 00000024 4803            LDR              R0, =EVENSUM ;
   34 00000026 7001            STRB             R1, [R0]    ;
   35 00000028         
   36 00000028 4803            LDR              R0, =ODDSUM ;
   37 0000002A 7002            STRB             R2, [R0]    ;
   38 0000002C         
   39 0000002C 4770            BX               LR          ;
   40 0000002E                 END                          ;
              00 00 00000000 
              00000000 
              00000000 
Command Line: --debug --xref --cpu=Cortex-M3 --apcs=interwork --depend=.\oddeve
nsum.d -o.\oddevensum.o -IC:\Keil\ARM\RV31\INC -IC:\Keil\ARM\CMSIS\Include -IC:
\Keil\ARM\Inc\NXP\LPC17xx --predefine="__EVAL SETA 1" --list=.\oddevensum.lst O
ddEvenSum.s



ARM Macro Assembler    Page 1 Alphabetic symbol ordering
Relocatable symbols

EVENSUM 00000006

Symbol: EVENSUM
   Definitions
      At line 3 in file OddEvenSum.s
   Uses
      At line 33 in file OddEvenSum.s
Comment: EVENSUM used once
NUM 00000000

Symbol: NUM
   Definitions
      At line 2 in file OddEvenSum.s
   Uses
      At line 10 in file OddEvenSum.s
Comment: NUM used once
ODDSUM 00000007

Symbol: ODDSUM
   Definitions
      At line 4 in file OddEvenSum.s
   Uses
      At line 36 in file OddEvenSum.s
Comment: ODDSUM used once
myDATA 00000000

Symbol: myDATA
   Definitions
      At line 1 in file OddEvenSum.s
   Uses
      None
Comment: myDATA unused
4 symbols



ARM Macro Assembler    Page 1 Alphabetic symbol ordering
Relocatable symbols

DEC 00000020

Symbol: DEC
   Definitions
      At line 29 in file OddEvenSum.s
   Uses
      At line 21 in file OddEvenSum.s
      At line 24 in file OddEvenSum.s

ENTRY 00000000

Symbol: ENTRY
   Definitions
      At line 8 in file OddEvenSum.s
   Uses
      None
Comment: ENTRY unused
LOOP 0000000E

Symbol: LOOP
   Definitions
      At line 15 in file OddEvenSum.s
   Uses
      At line 31 in file OddEvenSum.s
Comment: LOOP used once
ODD 0000001E

Symbol: ODD
   Definitions
      At line 26 in file OddEvenSum.s
   Uses
      At line 18 in file OddEvenSum.s
Comment: ODD used once
OddEvenSum 00000000

Symbol: OddEvenSum
   Definitions
      At line 9 in file OddEvenSum.s
   Uses
      At line 7 in file OddEvenSum.s
Comment: OddEvenSum used once
myCODE 00000000

Symbol: myCODE
   Definitions
      At line 6 in file OddEvenSum.s
   Uses
      None
Comment: myCODE unused
6 symbols
343 symbols in table
